<?xml version="1.0" encoding="UTF-8"?>
<!-- Generated by org.testng.reporters.JUnitXMLReporter -->
<testsuite ignored="4" hostname="AKSHAY-HP" failures="1" tests="2" name="Test(failed)(failed)" time="0.053" errors="0" timestamp="2022-09-07T19:16:32 IST">
  <testcase classname="testNGXML_Study.testXML1" name="c" time="0.007"/>
  <testcase classname="testNGXML_Study.testXML2" name="e" time="0.003">
    <failure type="java.lang.AssertionError" message="null">
      <![CDATA[java.lang.AssertionError: null
at testNGXML_Study.testXML2.e(testXML2.java:14)
at java.base/java.util.ArrayList.forEach(ArrayList.java:1541)
... Removed 29 stack frames]]>
    </failure>
  </testcase> <!-- e -->
  <testcase classname="testNGXML_Study.testXML1" name="b" time="0.0">
    <ignored/>
  </testcase> <!-- b -->
  <testcase classname="testNGXML_Study.testXML1" name="a" time="0.0">
    <ignored/>
  </testcase> <!-- a -->
  <testcase classname="testNGXML_Study.testXML2" name="f" time="0.0">
    <ignored/>
  </testcase> <!-- f -->
  <testcase classname="testNGXML_Study.testXML2" name="d" time="0.0">
    <ignored/>
  </testcase> <!-- d -->
</testsuite> <!-- Test(failed)(failed) -->
