<?xml version="1.0" encoding="UTF-8"?>
<!-- Generated by org.testng.reporters.JUnitXMLReporter -->
<testsuite ignored="7" hostname="AKSHAY-HP" failures="0" tests="2" name="Test" time="0.044" errors="0" timestamp="2022-09-26T11:19:22 IST">
  <testcase classname="testNGXML_Study.testNGGrouping2" name="h" time="0.007"/>
  <testcase classname="testNGXML_Study.testNGGrouping1" name="b" time="0.001"/>
  <testcase classname="testNGXML_Study.testNGGrouping1" name="e" time="0.0">
    <ignored/>
  </testcase> <!-- e -->
  <testcase classname="testNGXML_Study.testNGGrouping1" name="d" time="0.0">
    <ignored/>
  </testcase> <!-- d -->
  <testcase classname="testNGXML_Study.testNGGrouping2" name="f" time="0.0">
    <ignored/>
  </testcase> <!-- f -->
  <testcase classname="testNGXML_Study.testNGGrouping1" name="a" time="0.0">
    <ignored/>
  </testcase> <!-- a -->
  <testcase classname="testNGXML_Study.testNGGrouping2" name="g" time="0.0">
    <ignored/>
  </testcase> <!-- g -->
  <testcase classname="testNGXML_Study.testNGGrouping2" name="i" time="0.0">
    <ignored/>
  </testcase> <!-- i -->
  <testcase classname="testNGXML_Study.testNGGrouping1" name="c" time="0.0">
    <ignored/>
  </testcase> <!-- c -->
</testsuite> <!-- Test -->
