<?xml version="1.0" encoding="UTF-8"?>
<!-- Generated by org.testng.reporters.JUnitXMLReporter -->
<testsuite ignored="2" hostname="AKSHAY-HP" failures="1" tests="1" name="Test(failed)" time="0.038" errors="0" timestamp="2022-09-07T19:17:17 IST">
  <testcase classname="testNGXML_Study.testXML2" name="e" time="0.01">
    <failure type="java.lang.AssertionError" message="null">
      <![CDATA[java.lang.AssertionError: null
at testNGXML_Study.testXML2.e(testXML2.java:14)
at java.base/java.util.ArrayList.forEach(ArrayList.java:1541)
... Removed 29 stack frames]]>
    </failure>
  </testcase> <!-- e -->
  <testcase classname="testNGXML_Study.testXML2" name="f" time="0.0">
    <ignored/>
  </testcase> <!-- f -->
  <testcase classname="testNGXML_Study.testXML2" name="d" time="0.0">
    <ignored/>
  </testcase> <!-- d -->
</testsuite> <!-- Test(failed) -->
