<?xml version="1.0" encoding="UTF-8"?>
<!-- Generated by org.testng.reporters.JUnitXMLReporter -->
<testsuite ignored="2" hostname="AKSHAY-HP" failures="0" tests="1" name="Test(failed)(failed)(failed)" time="0.033" errors="0" timestamp="2022-08-03T00:06:03 IST">
  <testcase classname="testNGXML_Study.testXML1" name="c" time="0.005"/>
  <testcase classname="testNGXML_Study.testXML1" name="b" time="0.0">
    <ignored/>
  </testcase> <!-- b -->
  <testcase classname="testNGXML_Study.testXML1" name="a" time="0.0">
    <ignored/>
  </testcase> <!-- a -->
</testsuite> <!-- Test(failed)(failed)(failed) -->
